{"/home/ai/Dev/dual-publish/process-dir.js": {"path":"/home/ai/Dev/dual-publish/process-dir.js","statementMap":{"0":{"start":{"line":1,"column":20},"end":{"line":1,"column":35}},"1":{"start":{"line":2,"column":20},"end":{"line":2,"column":35}},"2":{"start":{"line":3,"column":13},"end":{"line":3,"column":30}},"3":{"start":{"line":4,"column":9},"end":{"line":4,"column":22}},"4":{"start":{"line":6,"column":16},"end":{"line":6,"column":39}},"5":{"start":{"line":7,"column":15},"end":{"line":7,"column":37}},"6":{"start":{"line":10,"column":12},"end":{"line":10,"column":26}},"7":{"start":{"line":11,"column":2},"end":{"line":11,"column":16}},"8":{"start":{"line":12,"column":2},"end":{"line":12,"column":12}},"9":{"start":{"line":16,"column":13},"end":{"line":16,"column":53}},"10":{"start":{"line":17,"column":2},"end":{"line":19,"column":3}},"11":{"start":{"line":18,"column":4},"end":{"line":18,"column":72}},"12":{"start":{"line":20,"column":2},"end":{"line":28,"column":3}},"13":{"start":{"line":21,"column":4},"end":{"line":27,"column":5}},"14":{"start":{"line":22,"column":6},"end":{"line":22,"column":63}},"15":{"start":{"line":23,"column":11},"end":{"line":27,"column":5}},"16":{"start":{"line":24,"column":6},"end":{"line":24,"column":49}},"17":{"start":{"line":26,"column":6},"end":{"line":26,"column":50}},"18":{"start":{"line":29,"column":2},"end":{"line":29,"column":13}},"19":{"start":{"line":32,"column":0},"end":{"line":58,"column":1}},"20":{"start":{"line":33,"column":14},"end":{"line":33,"column":51}},"21":{"start":{"line":35,"column":2},"end":{"line":40,"column":3}},"22":{"start":{"line":36,"column":4},"end":{"line":39,"column":5}},"23":{"start":{"line":37,"column":18},"end":{"line":37,"column":57}},"24":{"start":{"line":38,"column":6},"end":{"line":38,"column":51}},"25":{"start":{"line":42,"column":2},"end":{"line":57,"column":5}},"26":{"start":{"line":43,"column":14},"end":{"line":43,"column":45}},"27":{"start":{"line":44,"column":14},"end":{"line":55,"column":8}},"28":{"start":{"line":48,"column":19},"end":{"line":48,"column":64}},"29":{"start":{"line":49,"column":19},"end":{"line":49,"column":43}},"30":{"start":{"line":50,"column":8},"end":{"line":50,"column":48}},"31":{"start":{"line":53,"column":19},"end":{"line":53,"column":43}},"32":{"start":{"line":54,"column":8},"end":{"line":54,"column":33}},"33":{"start":{"line":56,"column":4},"end":{"line":56,"column":66}}},"fnMap":{"0":{"name":"error","decl":{"start":{"line":9,"column":9},"end":{"line":9,"column":14}},"loc":{"start":{"line":9,"column":21},"end":{"line":13,"column":1}},"line":9},"1":{"name":"getPath","decl":{"start":{"line":15,"column":9},"end":{"line":15,"column":16}},"loc":{"start":{"line":15,"column":35},"end":{"line":30,"column":1}},"line":15},"2":{"name":"(anonymous_2)","decl":{"start":{"line":32,"column":17},"end":{"line":32,"column":18}},"loc":{"start":{"line":32,"column":38},"end":{"line":58,"column":1}},"line":32},"3":{"name":"(anonymous_3)","decl":{"start":{"line":42,"column":30},"end":{"line":42,"column":31}},"loc":{"start":{"line":42,"column":44},"end":{"line":57,"column":3}},"line":42},"4":{"name":"(anonymous_4)","decl":{"start":{"line":47,"column":64},"end":{"line":47,"column":65}},"loc":{"start":{"line":47,"column":77},"end":{"line":51,"column":7}},"line":47},"5":{"name":"(anonymous_5)","decl":{"start":{"line":52,"column":38},"end":{"line":52,"column":39}},"loc":{"start":{"line":52,"column":51},"end":{"line":55,"column":7}},"line":52}},"branchMap":{"0":{"loc":{"start":{"line":17,"column":2},"end":{"line":19,"column":3}},"type":"if","locations":[{"start":{"line":17,"column":2},"end":{"line":19,"column":3}},{"start":{"line":17,"column":2},"end":{"line":19,"column":3}}],"line":17},"1":{"loc":{"start":{"line":20,"column":2},"end":{"line":28,"column":3}},"type":"if","locations":[{"start":{"line":20,"column":2},"end":{"line":28,"column":3}},{"start":{"line":20,"column":2},"end":{"line":28,"column":3}}],"line":20},"2":{"loc":{"start":{"line":21,"column":4},"end":{"line":27,"column":5}},"type":"if","locations":[{"start":{"line":21,"column":4},"end":{"line":27,"column":5}},{"start":{"line":21,"column":4},"end":{"line":27,"column":5}}],"line":21},"3":{"loc":{"start":{"line":23,"column":11},"end":{"line":27,"column":5}},"type":"if","locations":[{"start":{"line":23,"column":11},"end":{"line":27,"column":5}},{"start":{"line":23,"column":11},"end":{"line":27,"column":5}}],"line":23},"4":{"loc":{"start":{"line":36,"column":4},"end":{"line":39,"column":5}},"type":"if","locations":[{"start":{"line":36,"column":4},"end":{"line":39,"column":5}},{"start":{"line":36,"column":4},"end":{"line":39,"column":5}}],"line":36},"5":{"loc":{"start":{"line":36,"column":8},"end":{"line":36,"column":63}},"type":"binary-expr","locations":[{"start":{"line":36,"column":8},"end":{"line":36,"column":40}},{"start":{"line":36,"column":44},"end":{"line":36,"column":63}}],"line":36}},"s":{"0":1,"1":1,"2":1,"3":1,"4":1,"5":1,"6":2,"7":2,"8":2,"9":6,"10":6,"11":1,"12":5,"13":4,"14":1,"15":3,"16":1,"17":2,"18":5,"19":1,"20":3,"21":3,"22":7,"23":1,"24":1,"25":2,"26":6,"27":6,"28":4,"29":4,"30":4,"31":2,"32":1,"33":5},"f":{"0":2,"1":6,"2":3,"3":6,"4":4,"5":2},"b":{"0":[1,5],"1":[4,1],"2":[1,3],"3":[1,2],"4":[1,6],"5":[7,3]},"_coverageSchema":"1a1c01bbd47fc00a2c39e90264f33305004495a9","hash":"5af8feb5331ba4d2e8ce93dc8156df98ebc6b239"}
}
