TN:
SF:process-dir.js
FN:9,error
FN:15,getPath
FN:32,(anonymous_2)
FN:42,(anonymous_3)
FN:47,(anonymous_4)
FN:52,(anonymous_5)
FNF:6
FNH:6
FNDA:2,error
FNDA:6,getPath
FNDA:3,(anonymous_2)
FNDA:6,(anonymous_3)
FNDA:4,(anonymous_4)
FNDA:2,(anonymous_5)
DA:1,1
DA:2,1
DA:3,1
DA:4,1
DA:6,1
DA:7,1
DA:10,2
DA:11,2
DA:12,2
DA:16,6
DA:17,6
DA:18,1
DA:20,5
DA:21,4
DA:22,1
DA:23,3
DA:24,1
DA:26,2
DA:29,5
DA:32,1
DA:33,3
DA:35,3
DA:36,7
DA:37,1
DA:38,1
DA:42,2
DA:43,6
DA:44,6
DA:48,4
DA:49,4
DA:50,4
DA:53,2
DA:54,1
DA:56,5
LF:34
LH:34
BRDA:17,0,0,1
BRDA:17,0,1,5
BRDA:20,1,0,4
BRDA:20,1,1,1
BRDA:21,2,0,1
BRDA:21,2,1,3
BRDA:23,3,0,1
BRDA:23,3,1,2
BRDA:36,4,0,1
BRDA:36,4,1,6
BRDA:36,5,0,7
BRDA:36,5,1,3
BRF:12
BRH:12
end_of_record
